<?xml version="1.0" encoding="UTF-8"?>
<!-- Generated by org.testng.reporters.JUnitReportReporter -->
<testsuite hostname="Vihaan" failures="0" tests="4" name="testCases.TC003_LoginDDT" time="24.072" errors="0" timestamp="2024-07-22T16:30:35 IST" skipped="0">
  <testcase classname="testCases.TC003_LoginDDT" name="verify_loginDDT" time="10.522"/>
  <testcase classname="testCases.TC003_LoginDDT" name="verify_loginDDT" time="1.667"/>
  <testcase classname="testCases.TC003_LoginDDT" name="verify_loginDDT" time="1.299"/>
  <testcase classname="testCases.TC003_LoginDDT" name="verify_loginDDT" time="10.584"/>
</testsuite> <!-- testCases.TC003_LoginDDT -->
