<?xml version="1.0" encoding="UTF-8"?>
<!-- Generated by org.testng.reporters.JUnitReportReporter -->
<testsuite hostname="Vihaan" failures="0" tests="1" name="testCases.TC002_LoginTest" time="1.483" errors="0" timestamp="2024-07-22T16:30:35 IST" skipped="0">
  <testcase classname="testCases.TC002_LoginTest" name="verify_login" time="1.483"/>
</testsuite> <!-- testCases.TC002_LoginTest -->
