<?xml version="1.0" encoding="UTF-8"?>
<!-- Generated by org.testng.reporters.JUnitReportReporter -->
<testsuite hostname="Vihaan" failures="0" tests="1" name="testCases.TC001_AccountRegistrationTest" time="1.621" errors="0" timestamp="2024-07-23T13:39:59 IST" skipped="0">
  <testcase classname="testCases.TC001_AccountRegistrationTest" name="verify_account_registration" time="1.621"/>
</testsuite> <!-- testCases.TC001_AccountRegistrationTest -->
