<?xml version="1.0" encoding="UTF-8"?>
<!-- Generated by org.testng.reporters.JUnitReportReporter -->
<testsuite hostname="Vihaan" failures="0" tests="1" name="testCases.TC002_LoginTest" time="2.150" errors="0" timestamp="2024-07-23T13:39:59 IST" skipped="0">
  <testcase classname="testCases.TC002_LoginTest" name="verify_login" time="2.150"/>
</testsuite> <!-- testCases.TC002_LoginTest -->
