<?xml version="1.0" encoding="UTF-8"?>
<!-- Generated by org.testng.reporters.JUnitReportReporter -->
<testsuite hostname="Vihaan" failures="0" tests="4" name="testCases.TC003_LoginDDT" time="24.399" errors="0" timestamp="2024-07-23T13:39:59 IST" skipped="0">
  <testcase classname="testCases.TC003_LoginDDT" name="verify_loginDDT" time="1.460"/>
  <testcase classname="testCases.TC003_LoginDDT" name="verify_loginDDT" time="10.653"/>
  <testcase classname="testCases.TC003_LoginDDT" name="verify_loginDDT" time="10.859"/>
  <testcase classname="testCases.TC003_LoginDDT" name="verify_loginDDT" time="1.427"/>
</testsuite> <!-- testCases.TC003_LoginDDT -->
